# JRE version: OpenJDK Runtime Environment Microsoft-8035246 (17.0.8+7) (build 17.0.8+7-LTS)
# Java VM: OpenJDK 64-Bit Server VM Microsoft-8035246 (17.0.8+7-LTS, mixed mode, sharing, tiered, compressed oops, compressed class ptrs, g1 gc, windows-amd64)
GC Precious Log:
 CPUs: 4 total, 4 available
 Memory: 8083M
 Large Page Support: Disabled
 NUMA Support: Disabled
 Compressed Oops: Enabled (32-bit)
 Heap Region Size: 1M
 Heap Min Capacity: 8M
 Heap Initial Capacity: 128M
 Heap Max Capacity: 2G
 Pre-touch: Disabled
 Parallel Workers: 4
 Concurrent Workers: 1
 Concurrent Refinement Workers: 4
 Periodic GC: Disabled
Heap:
 garbage-first heap   total 450560K, used 248756K [0x0000000080000000, 0x0000000100000000)
  region size 1024K, 38 young (38912K), 18 survivors (18432K)
 Metaspace       used 109040K, committed 110656K, reserved 557056K
  class space    used 15199K, committed 15936K, reserved 425984K
GC Heap History (20 events):
Event: 60.073 GC heap before
{Heap before GC invocations=56 (full 0):
 garbage-first heap   total 261120K, used 177759K [0x0000000080000000, 0x0000000100000000)
  region size 1024K, 36 young (36864K), 2 survivors (2048K)
 Metaspace       used 91404K, committed 92608K, reserved 557056K
  class space    used 12905K, committed 13440K, reserved 425984K
}
Event: 60.082 GC heap after
{Heap after GC invocations=57 (full 0):
 garbage-first heap   total 261120K, used 150339K [0x0000000080000000, 0x0000000100000000)
  region size 1024K, 5 young (5120K), 5 survivors (5120K)
 Metaspace       used 91404K, committed 92608K, reserved 557056K
  class space    used 12905K, committed 13440K, reserved 425984K
}
Event: 60.187 GC heap before
{Heap before GC invocations=57 (full 0):
 garbage-first heap   total 261120K, used 157507K [0x0000000080000000, 0x0000000100000000)
  region size 1024K, 12 young (12288K), 5 survivors (5120K)
 Metaspace       used 91851K, committed 93056K, reserved 557056K
  class space    used 12960K, committed 13504K, reserved 425984K
}
Event: 60.197 GC heap after
{Heap after GC invocations=58 (full 0):
 garbage-first heap   total 261120K, used 150568K [0x0000000080000000, 0x0000000100000000)
  region size 1024K, 2 young (2048K), 2 survivors (2048K)
 Metaspace       used 91851K, committed 93056K, reserved 557056K
  class space    used 12960K, committed 13504K, reserved 425984K
}
Event: 60.896 GC heap before
{Heap before GC invocations=58 (full 0):
 garbage-first heap   total 261120K, used 199720K [0x0000000080000000, 0x0000000100000000)
  region size 1024K, 50 young (51200K), 2 survivors (2048K)
 Metaspace       used 94795K, committed 96000K, reserved 557056K
  class space    used 13375K, committed 13952K, reserved 425984K
}
Event: 60.903 GC heap after
{Heap after GC invocations=59 (full 0):
 garbage-first heap   total 261120K, used 152133K [0x0000000080000000, 0x0000000100000000)
  region size 1024K, 3 young (3072K), 3 survivors (3072K)
 Metaspace       used 94795K, committed 96000K, reserved 557056K
  class space    used 13375K, committed 13952K, reserved 425984K
}
Event: 61.543 GC heap before
{Heap before GC invocations=60 (full 0):
 garbage-first heap   total 296960K, used 202309K [0x0000000080000000, 0x0000000100000000)
  region size 1024K, 52 young (53248K), 3 survivors (3072K)
 Metaspace       used 97395K, committed 98624K, reserved 557056K
  class space    used 13728K, committed 14272K, reserved 425984K
}
Event: 61.553 GC heap after
{Heap after GC invocations=61 (full 0):
 garbage-first heap   total 296960K, used 155570K [0x0000000080000000, 0x0000000100000000)
  region size 1024K, 6 young (6144K), 6 survivors (6144K)
 Metaspace       used 97395K, committed 98624K, reserved 557056K
  class space    used 13728K, committed 14272K, reserved 425984K
}
Event: 61.612 GC heap before
{Heap before GC invocations=61 (full 0):
 garbage-first heap   total 296960K, used 163762K [0x0000000080000000, 0x0000000100000000)
  region size 1024K, 14 young (14336K), 6 survivors (6144K)
 Metaspace       used 97504K, committed 98752K, reserved 557056K
  class space    used 13742K, committed 14336K, reserved 425984K
}
Event: 61.623 GC heap after
{Heap after GC invocations=62 (full 0):
 garbage-first heap   total 450560K, used 156150K [0x0000000080000000, 0x0000000100000000)
  region size 1024K, 2 young (2048K), 2 survivors (2048K)
 Metaspace       used 97504K, committed 98752K, reserved 557056K
  class space    used 13742K, committed 14336K, reserved 425984K
}
Event: 63.299 GC heap before
{Heap before GC invocations=62 (full 0):
 garbage-first heap   total 450560K, used 308726K [0x0000000080000000, 0x0000000100000000)
  region size 1024K, 150 young (153600K), 2 survivors (2048K)
 Metaspace       used 98841K, committed 100160K, reserved 557056K
  class space    used 13898K, committed 14464K, reserved 425984K
}
Event: 63.330 GC heap after
{Heap after GC invocations=63 (full 0):
 garbage-first heap   total 450560K, used 183516K [0x0000000080000000, 0x0000000100000000)
  region size 1024K, 19 young (19456K), 19 survivors (19456K)
 Metaspace       used 98841K, committed 100160K, reserved 557056K
  class space    used 13898K, committed 14464K, reserved 425984K
}
Event: 65.285 GC heap before
{Heap before GC invocations=63 (full 0):
 garbage-first heap   total 450560K, used 317660K [0x0000000080000000, 0x0000000100000000)
  region size 1024K, 150 young (153600K), 19 survivors (19456K)
 Metaspace       used 104965K, committed 106368K, reserved 557056K
  class space    used 14688K, committed 15360K, reserved 425984K
}
Event: 65.335 GC heap after
{Heap after GC invocations=64 (full 0):
 garbage-first heap   total 450560K, used 199168K [0x0000000080000000, 0x0000000100000000)
  region size 1024K, 15 young (15360K), 15 survivors (15360K)
 Metaspace       used 104965K, committed 106368K, reserved 557056K
  class space    used 14688K, committed 15360K, reserved 425984K
}
Event: 66.750 GC heap before
{Heap before GC invocations=64 (full 0):
 garbage-first heap   total 450560K, used 333312K [0x0000000080000000, 0x0000000100000000)
  region size 1024K, 146 young (149504K), 15 survivors (15360K)
 Metaspace       used 107165K, committed 108672K, reserved 557056K
  class space    used 14994K, committed 15680K, reserved 425984K
}
Event: 66.788 GC heap after
{Heap after GC invocations=65 (full 0):
 garbage-first heap   total 450560K, used 212992K [0x0000000080000000, 0x0000000100000000)
  region size 1024K, 14 young (14336K), 14 survivors (14336K)
 Metaspace       used 107165K, committed 108672K, reserved 557056K
  class space    used 14994K, committed 15680K, reserved 425984K
}
Event: 68.736 GC heap before
{Heap before GC invocations=65 (full 0):
 garbage-first heap   total 450560K, used 345088K [0x0000000080000000, 0x0000000100000000)
  region size 1024K, 144 young (147456K), 14 survivors (14336K)
 Metaspace       used 108090K, committed 109632K, reserved 557056K
  class space    used 15040K, committed 15744K, reserved 425984K
}
Event: 68.768 GC heap after
{Heap after GC invocations=66 (full 0):
 garbage-first heap   total 450560K, used 221184K [0x0000000080000000, 0x0000000100000000)
  region size 1024K, 9 young (9216K), 9 survivors (9216K)
 Metaspace       used 108090K, committed 109632K, reserved 557056K
  class space    used 15040K, committed 15744K, reserved 425984K
}
Event: 70.427 GC heap before
{Heap before GC invocations=66 (full 0):
 garbage-first heap   total 450560K, used 360448K [0x0000000080000000, 0x0000000100000000)
  region size 1024K, 142 young (145408K), 9 survivors (9216K)
 Metaspace       used 109015K, committed 110656K, reserved 557056K
  class space    used 15195K, committed 15936K, reserved 425984K
}
Event: 70.456 GC heap after
{Heap after GC invocations=67 (full 0):
 garbage-first heap   total 450560K, used 230324K [0x0000000080000000, 0x0000000100000000)
  region size 1024K, 18 young (18432K), 18 survivors (18432K)
 Metaspace       used 109015K, committed 110656K, reserved 557056K
  class space    used 15195K, committed 15936K, reserved 425984K
}

