# JRE version: OpenJDK Runtime Environment Microsoft-8035246 (17.0.8+7) (build 17.0.8+7-LTS)
# Java VM: OpenJDK 64-Bit Server VM Microsoft-8035246 (17.0.8+7-LTS, mixed mode, sharing, tiered, compressed oops, compressed class ptrs, g1 gc, windows-amd64)
GC Precious Log:
 CPUs: 4 total, 4 available
 Memory: 8083M
 Large Page Support: Disabled
 NUMA Support: Disabled
 Compressed Oops: Enabled (32-bit)
 Heap Region Size: 1M
 Heap Min Capacity: 8M
 Heap Initial Capacity: 128M
 Heap Max Capacity: 2G
 Pre-touch: Disabled
 Parallel Workers: 4
 Concurrent Workers: 1
 Concurrent Refinement Workers: 4
 Periodic GC: Disabled
Heap:
 garbage-first heap   total 276480K, used 162545K [0x0000000080000000, 0x0000000100000000)
  region size 1024K, 15 young (15360K), 11 survivors (11264K)
 Metaspace       used 105449K, committed 106624K, reserved 557056K
  class space    used 14670K, committed 15232K, reserved 425984K
GC Heap History (20 events):
Event: 14.821 GC heap before
{Heap before GC invocations=28 (full 0):
 garbage-first heap   total 135168K, used 100856K [0x0000000080000000, 0x0000000100000000)
  region size 1024K, 33 young (33792K), 4 survivors (4096K)
 Metaspace       used 72072K, committed 72832K, reserved 491520K
  class space    used 10079K, committed 10432K, reserved 425984K
}
Event: 14.830 GC heap after
{Heap after GC invocations=29 (full 0):
 garbage-first heap   total 135168K, used 73908K [0x0000000080000000, 0x0000000100000000)
  region size 1024K, 4 young (4096K), 4 survivors (4096K)
 Metaspace       used 72072K, committed 72832K, reserved 491520K
  class space    used 10079K, committed 10432K, reserved 425984K
}
Event: 14.865 GC heap before
{Heap before GC invocations=29 (full 0):
 garbage-first heap   total 135168K, used 75956K [0x0000000080000000, 0x0000000100000000)
  region size 1024K, 6 young (6144K), 4 survivors (4096K)
 Metaspace       used 72210K, committed 72960K, reserved 491520K
  class space    used 10093K, committed 10432K, reserved 425984K
}
Event: 14.874 GC heap after
{Heap after GC invocations=30 (full 0):
 garbage-first heap   total 276480K, used 73387K [0x0000000080000000, 0x0000000100000000)
  region size 1024K, 1 young (1024K), 1 survivors (1024K)
 Metaspace       used 72210K, committed 72960K, reserved 491520K
  class space    used 10093K, committed 10432K, reserved 425984K
}
Event: 17.755 GC heap before
{Heap before GC invocations=30 (full 0):
 garbage-first heap   total 276480K, used 206507K [0x0000000080000000, 0x0000000100000000)
  region size 1024K, 130 young (133120K), 1 survivors (1024K)
 Metaspace       used 78047K, committed 78848K, reserved 557056K
  class space    used 10912K, committed 11264K, reserved 425984K
}
Event: 17.774 GC heap after
{Heap after GC invocations=31 (full 0):
 garbage-first heap   total 276480K, used 86574K [0x0000000080000000, 0x0000000100000000)
  region size 1024K, 14 young (14336K), 14 survivors (14336K)
 Metaspace       used 78047K, committed 78848K, reserved 557056K
  class space    used 10912K, committed 11264K, reserved 425984K
}
Event: 18.958 GC heap before
{Heap before GC invocations=31 (full 0):
 garbage-first heap   total 276480K, used 203310K [0x0000000080000000, 0x0000000100000000)
  region size 1024K, 129 young (132096K), 14 survivors (14336K)
 Metaspace       used 78149K, committed 78912K, reserved 557056K
  class space    used 10913K, committed 11264K, reserved 425984K
}
Event: 18.975 GC heap after
{Heap after GC invocations=32 (full 0):
 garbage-first heap   total 276480K, used 89675K [0x0000000080000000, 0x0000000100000000)
  region size 1024K, 5 young (5120K), 5 survivors (5120K)
 Metaspace       used 78149K, committed 78912K, reserved 557056K
  class space    used 10913K, committed 11264K, reserved 425984K
}
Event: 20.853 GC heap before
{Heap before GC invocations=32 (full 0):
 garbage-first heap   total 276480K, used 223819K [0x0000000080000000, 0x0000000100000000)
  region size 1024K, 125 young (128000K), 5 survivors (5120K)
 Metaspace       used 83982K, committed 84864K, reserved 557056K
  class space    used 11620K, committed 12032K, reserved 425984K
}
Event: 20.865 GC heap after
{Heap after GC invocations=33 (full 0):
 garbage-first heap   total 276480K, used 107988K [0x0000000080000000, 0x0000000100000000)
  region size 1024K, 16 young (16384K), 16 survivors (16384K)
 Metaspace       used 83982K, committed 84864K, reserved 557056K
  class space    used 11620K, committed 12032K, reserved 425984K
}
Event: 22.150 GC heap before
{Heap before GC invocations=33 (full 0):
 garbage-first heap   total 276480K, used 216532K [0x0000000080000000, 0x0000000100000000)
  region size 1024K, 120 young (122880K), 16 survivors (16384K)
 Metaspace       used 90605K, committed 91520K, reserved 557056K
  class space    used 12527K, committed 12928K, reserved 425984K
}
Event: 22.172 GC heap after
{Heap after GC invocations=34 (full 0):
 garbage-first heap   total 276480K, used 115557K [0x0000000080000000, 0x0000000100000000)
  region size 1024K, 6 young (6144K), 6 survivors (6144K)
 Metaspace       used 90605K, committed 91520K, reserved 557056K
  class space    used 12527K, committed 12928K, reserved 425984K
}
Event: 23.293 GC heap before
{Heap before GC invocations=34 (full 0):
 garbage-first heap   total 276480K, used 220005K [0x0000000080000000, 0x0000000100000000)
  region size 1024K, 108 young (110592K), 6 survivors (6144K)
 Metaspace       used 94864K, committed 95744K, reserved 557056K
  class space    used 13192K, committed 13632K, reserved 425984K
}
Event: 23.304 GC heap after
{Heap after GC invocations=35 (full 0):
 garbage-first heap   total 276480K, used 119312K [0x0000000080000000, 0x0000000100000000)
  region size 1024K, 10 young (10240K), 10 survivors (10240K)
 Metaspace       used 94864K, committed 95744K, reserved 557056K
  class space    used 13192K, committed 13632K, reserved 425984K
}
Event: 24.614 GC heap before
{Heap before GC invocations=35 (full 0):
 garbage-first heap   total 276480K, used 222736K [0x0000000080000000, 0x0000000100000000)
  region size 1024K, 111 young (113664K), 10 survivors (10240K)
 Metaspace       used 100924K, committed 101952K, reserved 557056K
  class space    used 14089K, committed 14592K, reserved 425984K
}
Event: 24.633 GC heap after
{Heap after GC invocations=36 (full 0):
 garbage-first heap   total 276480K, used 124979K [0x0000000080000000, 0x0000000100000000)
  region size 1024K, 10 young (10240K), 10 survivors (10240K)
 Metaspace       used 100924K, committed 101952K, reserved 557056K
  class space    used 14089K, committed 14592K, reserved 425984K
}
Event: 25.752 GC heap before
{Heap before GC invocations=36 (full 0):
 garbage-first heap   total 276480K, used 224307K [0x0000000080000000, 0x0000000100000000)
  region size 1024K, 108 young (110592K), 10 survivors (10240K)
 Metaspace       used 102509K, committed 103552K, reserved 557056K
  class space    used 14340K, committed 14848K, reserved 425984K
}
Event: 25.773 GC heap after
{Heap after GC invocations=37 (full 0):
 garbage-first heap   total 276480K, used 133883K [0x0000000080000000, 0x0000000100000000)
  region size 1024K, 14 young (14336K), 14 survivors (14336K)
 Metaspace       used 102509K, committed 103552K, reserved 557056K
  class space    used 14340K, committed 14848K, reserved 425984K
}
Event: 26.869 GC heap before
{Heap before GC invocations=37 (full 0):
 garbage-first heap   total 276480K, used 227067K [0x0000000080000000, 0x0000000100000000)
  region size 1024K, 104 young (106496K), 14 survivors (14336K)
 Metaspace       used 103358K, committed 104448K, reserved 557056K
  class space    used 14455K, committed 14976K, reserved 425984K
}
Event: 26.894 GC heap after
{Heap after GC invocations=38 (full 0):
 garbage-first heap   total 276480K, used 147621K [0x0000000080000000, 0x0000000100000000)
  region size 1024K, 13 young (13312K), 13 survivors (13312K)
 Metaspace       used 103358K, committed 104448K, reserved 557056K
  class space    used 14455K, committed 14976K, reserved 425984K
}

