# JRE version: OpenJDK Runtime Environment Microsoft-8035246 (17.0.8+7) (build 17.0.8+7-LTS)
# Java VM: OpenJDK 64-Bit Server VM Microsoft-8035246 (17.0.8+7-LTS, mixed mode, sharing, tiered, compressed oops, compressed class ptrs, g1 gc, windows-amd64)
GC Precious Log:
 CPUs: 4 total, 4 available
 Memory: 8083M
 Large Page Support: Disabled
 NUMA Support: Disabled
 Compressed Oops: Enabled (32-bit)
 Heap Region Size: 1M
 Heap Min Capacity: 8M
 Heap Initial Capacity: 128M
 Heap Max Capacity: 2G
 Pre-touch: Disabled
 Parallel Workers: 4
 Concurrent Workers: 1
 Concurrent Refinement Workers: 4
 Periodic GC: Disabled
Heap:
 garbage-first heap   total 475136K, used 360889K [0x0000000080000000, 0x0000000100000000)
  region size 1024K, 92 young (94208K), 8 survivors (8192K)
 Metaspace       used 112083K, committed 113792K, reserved 557056K
  class space    used 15655K, committed 16448K, reserved 425984K
GC Heap History (20 events):
Event: 36.364 GC heap before
{Heap before GC invocations=42 (full 0):
 garbage-first heap   total 406528K, used 326308K [0x0000000080000000, 0x0000000100000000)
  region size 1024K, 194 young (198656K), 8 survivors (8192K)
 Metaspace       used 98760K, committed 100096K, reserved 557056K
  class space    used 13898K, committed 14528K, reserved 425984K
}
Event: 36.421 GC heap after
{Heap after GC invocations=43 (full 0):
 garbage-first heap   total 406528K, used 171770K [0x0000000080000000, 0x0000000100000000)
  region size 1024K, 25 young (25600K), 25 survivors (25600K)
 Metaspace       used 98760K, committed 100096K, reserved 557056K
  class space    used 13898K, committed 14528K, reserved 425984K
}
Event: 37.610 GC heap before
{Heap before GC invocations=43 (full 0):
 garbage-first heap   total 406528K, used 286458K [0x0000000080000000, 0x0000000100000000)
  region size 1024K, 137 young (140288K), 25 survivors (25600K)
 Metaspace       used 103828K, committed 105152K, reserved 557056K
  class space    used 14631K, committed 15232K, reserved 425984K
}
Event: 37.643 GC heap after
{Heap after GC invocations=44 (full 0):
 garbage-first heap   total 406528K, used 181498K [0x0000000080000000, 0x0000000100000000)
  region size 1024K, 9 young (9216K), 9 survivors (9216K)
 Metaspace       used 103828K, committed 105152K, reserved 557056K
  class space    used 14631K, committed 15232K, reserved 425984K
}
Event: 38.805 GC heap before
{Heap before GC invocations=44 (full 0):
 garbage-first heap   total 406528K, used 302330K [0x0000000080000000, 0x0000000100000000)
  region size 1024K, 126 young (129024K), 9 survivors (9216K)
 Metaspace       used 104614K, committed 105984K, reserved 557056K
  class space    used 14721K, committed 15360K, reserved 425984K
}
Event: 38.840 GC heap after
{Heap after GC invocations=45 (full 0):
 garbage-first heap   total 406528K, used 205562K [0x0000000080000000, 0x0000000100000000)
  region size 1024K, 16 young (16384K), 16 survivors (16384K)
 Metaspace       used 104614K, committed 105984K, reserved 557056K
  class space    used 14721K, committed 15360K, reserved 425984K
}
Event: 40.447 GC heap before
{Heap before GC invocations=45 (full 0):
 garbage-first heap   total 406528K, used 318202K [0x0000000080000000, 0x0000000100000000)
  region size 1024K, 120 young (122880K), 16 survivors (16384K)
 Metaspace       used 105362K, committed 106816K, reserved 557056K
  class space    used 14803K, committed 15424K, reserved 425984K
}
Event: 40.490 GC heap after
{Heap after GC invocations=46 (full 0):
 garbage-first heap   total 406528K, used 229626K [0x0000000080000000, 0x0000000100000000)
  region size 1024K, 15 young (15360K), 15 survivors (15360K)
 Metaspace       used 105362K, committed 106816K, reserved 557056K
  class space    used 14803K, committed 15424K, reserved 425984K
}
Event: 41.924 GC heap before
{Heap before GC invocations=46 (full 0):
 garbage-first heap   total 406528K, used 319738K [0x0000000080000000, 0x0000000100000000)
  region size 1024K, 103 young (105472K), 15 survivors (15360K)
 Metaspace       used 109896K, committed 111424K, reserved 557056K
  class space    used 15421K, committed 16128K, reserved 425984K
}
Event: 41.969 GC heap after
{Heap after GC invocations=47 (full 0):
 garbage-first heap   total 406528K, used 242426K [0x0000000080000000, 0x0000000100000000)
  region size 1024K, 12 young (12288K), 12 survivors (12288K)
 Metaspace       used 109896K, committed 111424K, reserved 557056K
  class space    used 15421K, committed 16128K, reserved 425984K
}
Event: 42.852 GC heap before
{Heap before GC invocations=47 (full 0):
 garbage-first heap   total 406528K, used 326394K [0x0000000080000000, 0x0000000100000000)
  region size 1024K, 94 young (96256K), 12 survivors (12288K)
 Metaspace       used 110860K, committed 112512K, reserved 557056K
  class space    used 15517K, committed 16256K, reserved 425984K
}
Event: 42.893 GC heap after
{Heap after GC invocations=48 (full 0):
 garbage-first heap   total 406528K, used 254202K [0x0000000080000000, 0x0000000100000000)
  region size 1024K, 12 young (12288K), 12 survivors (12288K)
 Metaspace       used 110860K, committed 112512K, reserved 557056K
  class space    used 15517K, committed 16256K, reserved 425984K
}
Event: 43.504 GC heap before
{Heap before GC invocations=48 (full 0):
 garbage-first heap   total 406528K, used 331002K [0x0000000080000000, 0x0000000100000000)
  region size 1024K, 87 young (89088K), 12 survivors (12288K)
 Metaspace       used 111192K, committed 112896K, reserved 557056K
  class space    used 15551K, committed 16320K, reserved 425984K
}
Event: 43.535 GC heap after
{Heap after GC invocations=49 (full 0):
 garbage-first heap   total 406528K, used 261882K [0x0000000080000000, 0x0000000100000000)
  region size 1024K, 8 young (8192K), 8 survivors (8192K)
 Metaspace       used 111192K, committed 112896K, reserved 557056K
  class space    used 15551K, committed 16320K, reserved 425984K
}
Event: 44.195 GC heap before
{Heap before GC invocations=49 (full 0):
 garbage-first heap   total 406528K, used 335610K [0x0000000080000000, 0x0000000100000000)
  region size 1024K, 81 young (82944K), 8 survivors (8192K)
 Metaspace       used 111618K, committed 113344K, reserved 557056K
  class space    used 15604K, committed 16384K, reserved 425984K
}
Event: 44.227 GC heap after
{Heap after GC invocations=50 (full 0):
 garbage-first heap   total 406528K, used 270074K [0x0000000080000000, 0x0000000100000000)
  region size 1024K, 9 young (9216K), 9 survivors (9216K)
 Metaspace       used 111618K, committed 113344K, reserved 557056K
  class space    used 15604K, committed 16384K, reserved 425984K
}
Event: 44.864 GC heap before
{Heap before GC invocations=50 (full 0):
 garbage-first heap   total 406528K, used 337657K [0x0000000080000000, 0x0000000100000000)
  region size 1024K, 76 young (77824K), 9 survivors (9216K)
 Metaspace       used 111823K, committed 113536K, reserved 557056K
  class space    used 15621K, committed 16384K, reserved 425984K
}
Event: 44.885 GC heap after
{Heap after GC invocations=51 (full 0):
 garbage-first heap   total 475136K, used 272539K [0x0000000080000000, 0x0000000100000000)
  region size 1024K, 5 young (5120K), 5 survivors (5120K)
 Metaspace       used 111823K, committed 113536K, reserved 557056K
  class space    used 15621K, committed 16384K, reserved 425984K
}
Event: 45.840 GC heap before
{Heap before GC invocations=51 (full 0):
 garbage-first heap   total 475136K, used 385179K [0x0000000080000000, 0x0000000100000000)
  region size 1024K, 116 young (118784K), 5 survivors (5120K)
 Metaspace       used 112081K, committed 113792K, reserved 557056K
  class space    used 15655K, committed 16448K, reserved 425984K
}
Event: 45.863 GC heap after
{Heap after GC invocations=52 (full 0):
 garbage-first heap   total 475136K, used 275897K [0x0000000080000000, 0x0000000100000000)
  region size 1024K, 8 young (8192K), 8 survivors (8192K)
 Metaspace       used 112081K, committed 113792K, reserved 557056K
  class space    used 15655K, committed 16448K, reserved 425984K
}

