# JRE version: OpenJDK Runtime Environment Microsoft-8035246 (17.0.8+7) (build 17.0.8+7-LTS)
# Java VM: OpenJDK 64-Bit Server VM Microsoft-8035246 (17.0.8+7-LTS, mixed mode, sharing, tiered, compressed oops, compressed class ptrs, g1 gc, windows-amd64)
GC Precious Log:
 CPUs: 4 total, 4 available
 Memory: 8083M
 Large Page Support: Disabled
 NUMA Support: Disabled
 Compressed Oops: Enabled (32-bit)
 Heap Region Size: 1M
 Heap Min Capacity: 8M
 Heap Initial Capacity: 128M
 Heap Max Capacity: 2G
 Pre-touch: Disabled
 Parallel Workers: 4
 Concurrent Workers: 1
 Concurrent Refinement Workers: 4
 Periodic GC: Disabled
Heap:
 garbage-first heap   total 351232K, used 183845K [0x0000000080000000, 0x0000000100000000)
  region size 1024K, 75 young (76800K), 13 survivors (13312K)
 Metaspace       used 96136K, committed 97152K, reserved 557056K
  class space    used 13497K, committed 13952K, reserved 425984K
GC Heap History (20 events):
Event: 16.957 GC heap before
{Heap before GC invocations=26 (full 0):
 garbage-first heap   total 147456K, used 75877K [0x0000000080000000, 0x0000000100000000)
  region size 1024K, 7 young (7168K), 4 survivors (4096K)
 Metaspace       used 67595K, committed 68224K, reserved 491520K
  class space    used 9561K, committed 9856K, reserved 425984K
}
Event: 16.965 GC heap after
{Heap after GC invocations=27 (full 0):
 garbage-first heap   total 147456K, used 72511K [0x0000000080000000, 0x0000000100000000)
  region size 1024K, 1 young (1024K), 1 survivors (1024K)
 Metaspace       used 67595K, committed 68224K, reserved 491520K
  class space    used 9561K, committed 9856K, reserved 425984K
}
Event: 17.997 GC heap before
{Heap before GC invocations=27 (full 0):
 garbage-first heap   total 147456K, used 115519K [0x0000000080000000, 0x0000000100000000)
  region size 1024K, 44 young (45056K), 1 survivors (1024K)
 Metaspace       used 69874K, committed 70592K, reserved 491520K
  class space    used 9959K, committed 10304K, reserved 425984K
}
Event: 18.008 GC heap after
{Heap after GC invocations=28 (full 0):
 garbage-first heap   total 147456K, used 77709K [0x0000000080000000, 0x0000000100000000)
  region size 1024K, 6 young (6144K), 6 survivors (6144K)
 Metaspace       used 69874K, committed 70592K, reserved 491520K
  class space    used 9959K, committed 10304K, reserved 425984K
}
Event: 18.940 GC heap before
{Heap before GC invocations=29 (full 0):
 garbage-first heap   total 147456K, used 118669K [0x0000000080000000, 0x0000000100000000)
  region size 1024K, 45 young (46080K), 6 survivors (6144K)
 Metaspace       used 71519K, committed 72384K, reserved 491520K
  class space    used 10147K, committed 10560K, reserved 425984K
}
Event: 18.952 GC heap after
{Heap after GC invocations=30 (full 0):
 garbage-first heap   total 147456K, used 83139K [0x0000000080000000, 0x0000000100000000)
  region size 1024K, 6 young (6144K), 6 survivors (6144K)
 Metaspace       used 71519K, committed 72384K, reserved 491520K
  class space    used 10147K, committed 10560K, reserved 425984K
}
Event: 18.971 GC heap before
{Heap before GC invocations=30 (full 0):
 garbage-first heap   total 147456K, used 84163K [0x0000000080000000, 0x0000000100000000)
  region size 1024K, 7 young (7168K), 6 survivors (6144K)
 Metaspace       used 71536K, committed 72384K, reserved 491520K
  class space    used 10147K, committed 10560K, reserved 425984K
}
Event: 18.980 GC heap after
{Heap after GC invocations=31 (full 0):
 garbage-first heap   total 147456K, used 83338K [0x0000000080000000, 0x0000000100000000)
  region size 1024K, 1 young (1024K), 1 survivors (1024K)
 Metaspace       used 71536K, committed 72384K, reserved 491520K
  class space    used 10147K, committed 10560K, reserved 425984K
}
Event: 19.418 GC heap before
{Heap before GC invocations=31 (full 0):
 garbage-first heap   total 147456K, used 117130K [0x0000000080000000, 0x0000000100000000)
  region size 1024K, 35 young (35840K), 1 survivors (1024K)
 Metaspace       used 71744K, committed 72576K, reserved 491520K
  class space    used 10148K, committed 10560K, reserved 425984K
}
Event: 19.423 GC heap after
{Heap after GC invocations=32 (full 0):
 garbage-first heap   total 147456K, used 85904K [0x0000000080000000, 0x0000000100000000)
  region size 1024K, 4 young (4096K), 4 survivors (4096K)
 Metaspace       used 71744K, committed 72576K, reserved 491520K
  class space    used 10148K, committed 10560K, reserved 425984K
}
Event: 19.865 GC heap before
{Heap before GC invocations=33 (full 0):
 garbage-first heap   total 171008K, used 118672K [0x0000000080000000, 0x0000000100000000)
  region size 1024K, 37 young (37888K), 4 survivors (4096K)
 Metaspace       used 71778K, committed 72640K, reserved 491520K
  class space    used 10148K, committed 10560K, reserved 425984K
}
Event: 19.871 GC heap after
{Heap after GC invocations=34 (full 0):
 garbage-first heap   total 171008K, used 86753K [0x0000000080000000, 0x0000000100000000)
  region size 1024K, 3 young (3072K), 3 survivors (3072K)
 Metaspace       used 71778K, committed 72640K, reserved 491520K
  class space    used 10148K, committed 10560K, reserved 425984K
}
Event: 19.913 GC heap before
{Heap before GC invocations=34 (full 0):
 garbage-first heap   total 171008K, used 90849K [0x0000000080000000, 0x0000000100000000)
  region size 1024K, 8 young (8192K), 3 survivors (3072K)
 Metaspace       used 71779K, committed 72640K, reserved 491520K
  class space    used 10148K, committed 10560K, reserved 425984K
}
Event: 19.920 GC heap after
{Heap after GC invocations=35 (full 0):
 garbage-first heap   total 351232K, used 85405K [0x0000000080000000, 0x0000000100000000)
  region size 1024K, 1 young (1024K), 1 survivors (1024K)
 Metaspace       used 71779K, committed 72640K, reserved 491520K
  class space    used 10148K, committed 10560K, reserved 425984K
}
Event: 22.747 GC heap before
{Heap before GC invocations=35 (full 0):
 garbage-first heap   total 351232K, used 270749K [0x0000000080000000, 0x0000000100000000)
  region size 1024K, 171 young (175104K), 1 survivors (1024K)
 Metaspace       used 78324K, committed 79232K, reserved 557056K
  class space    used 10926K, committed 11328K, reserved 425984K
}
Event: 22.762 GC heap after
{Heap after GC invocations=36 (full 0):
 garbage-first heap   total 351232K, used 106743K [0x0000000080000000, 0x0000000100000000)
  region size 1024K, 15 young (15360K), 15 survivors (15360K)
 Metaspace       used 78324K, committed 79232K, reserved 557056K
  class space    used 10926K, committed 11328K, reserved 425984K
}
Event: 24.925 GC heap before
{Heap before GC invocations=36 (full 0):
 garbage-first heap   total 351232K, used 258295K [0x0000000080000000, 0x0000000100000000)
  region size 1024K, 161 young (164864K), 15 survivors (15360K)
 Metaspace       used 85515K, committed 86464K, reserved 557056K
  class space    used 11890K, committed 12352K, reserved 425984K
}
Event: 24.946 GC heap after
{Heap after GC invocations=37 (full 0):
 garbage-first heap   total 351232K, used 116519K [0x0000000080000000, 0x0000000100000000)
  region size 1024K, 8 young (8192K), 8 survivors (8192K)
 Metaspace       used 85515K, committed 86464K, reserved 557056K
  class space    used 11890K, committed 12352K, reserved 425984K
}
Event: 27.058 GC heap before
{Heap before GC invocations=37 (full 0):
 garbage-first heap   total 351232K, used 267047K [0x0000000080000000, 0x0000000100000000)
  region size 1024K, 155 young (158720K), 8 survivors (8192K)
 Metaspace       used 94800K, committed 95808K, reserved 557056K
  class space    used 13314K, committed 13760K, reserved 425984K
}
Event: 27.078 GC heap after
{Heap after GC invocations=38 (full 0):
 garbage-first heap   total 351232K, used 121381K [0x0000000080000000, 0x0000000100000000)
  region size 1024K, 13 young (13312K), 13 survivors (13312K)
 Metaspace       used 94800K, committed 95808K, reserved 557056K
  class space    used 13314K, committed 13760K, reserved 425984K
}

