# JRE version: OpenJDK Runtime Environment Microsoft-8035246 (17.0.8+7) (build 17.0.8+7-LTS)
# Java VM: OpenJDK 64-Bit Server VM Microsoft-8035246 (17.0.8+7-LTS, mixed mode, sharing, tiered, compressed oops, compressed class ptrs, g1 gc, windows-amd64)
GC Precious Log:
 CPUs: 4 total, 4 available
 Memory: 8083M
 Large Page Support: Disabled
 NUMA Support: Disabled
 Compressed Oops: Enabled (32-bit)
 Heap Region Size: 1M
 Heap Min Capacity: 8M
 Heap Initial Capacity: 128M
 Heap Max Capacity: 2G
 Pre-touch: Disabled
 Parallel Workers: 4
 Concurrent Workers: 1
 Concurrent Refinement Workers: 4
 Periodic GC: Disabled
Heap:
 garbage-first heap   total 256000K, used 115113K [0x0000000080000000, 0x0000000100000000)
  region size 1024K, 25 young (25600K), 5 survivors (5120K)
 Metaspace       used 78219K, committed 79104K, reserved 557056K
  class space    used 10907K, committed 11328K, reserved 425984K
GC Heap History (20 events):
Event: 22.125 GC heap before
{Heap before GC invocations=21 (full 0):
 garbage-first heap   total 107520K, used 60144K [0x0000000080000000, 0x0000000100000000)
  region size 1024K, 5 young (5120K), 2 survivors (2048K)
 Metaspace       used 62326K, committed 62976K, reserved 491520K
  class space    used 8739K, committed 9088K, reserved 425984K
}
Event: 22.129 GC heap after
{Heap after GC invocations=22 (full 0):
 garbage-first heap   total 107520K, used 57493K [0x0000000080000000, 0x0000000100000000)
  region size 1024K, 1 young (1024K), 1 survivors (1024K)
 Metaspace       used 62326K, committed 62976K, reserved 491520K
  class space    used 8739K, committed 9088K, reserved 425984K
}
Event: 22.372 GC heap before
{Heap before GC invocations=22 (full 0):
 garbage-first heap   total 107520K, used 69781K [0x0000000080000000, 0x0000000100000000)
  region size 1024K, 14 young (14336K), 1 survivors (1024K)
 Metaspace       used 64037K, committed 64768K, reserved 491520K
  class space    used 8983K, committed 9344K, reserved 425984K
}
Event: 22.375 GC heap after
{Heap after GC invocations=23 (full 0):
 garbage-first heap   total 107520K, used 58243K [0x0000000080000000, 0x0000000100000000)
  region size 1024K, 2 young (2048K), 2 survivors (2048K)
 Metaspace       used 64037K, committed 64768K, reserved 491520K
  class space    used 8983K, committed 9344K, reserved 425984K
}
Event: 22.838 GC heap before
{Heap before GC invocations=24 (full 0):
 garbage-first heap   total 121856K, used 94083K [0x0000000080000000, 0x0000000100000000)
  region size 1024K, 30 young (30720K), 2 survivors (2048K)
 Metaspace       used 66185K, committed 66880K, reserved 491520K
  class space    used 9253K, committed 9600K, reserved 425984K
}
Event: 22.842 GC heap after
{Heap after GC invocations=25 (full 0):
 garbage-first heap   total 121856K, used 69184K [0x0000000080000000, 0x0000000100000000)
  region size 1024K, 4 young (4096K), 4 survivors (4096K)
 Metaspace       used 66185K, committed 66880K, reserved 491520K
  class space    used 9253K, committed 9600K, reserved 425984K
}
Event: 22.855 GC heap before
{Heap before GC invocations=25 (full 0):
 garbage-first heap   total 121856K, used 70208K [0x0000000080000000, 0x0000000100000000)
  region size 1024K, 5 young (5120K), 4 survivors (4096K)
 Metaspace       used 66269K, committed 66944K, reserved 491520K
  class space    used 9263K, committed 9600K, reserved 425984K
}
Event: 22.859 GC heap after
{Heap after GC invocations=26 (full 0):
 garbage-first heap   total 121856K, used 68932K [0x0000000080000000, 0x0000000100000000)
  region size 1024K, 1 young (1024K), 1 survivors (1024K)
 Metaspace       used 66269K, committed 66944K, reserved 491520K
  class space    used 9263K, committed 9600K, reserved 425984K
}
Event: 23.206 GC heap before
{Heap before GC invocations=26 (full 0):
 garbage-first heap   total 121856K, used 98628K [0x0000000080000000, 0x0000000100000000)
  region size 1024K, 30 young (30720K), 1 survivors (1024K)
 Metaspace       used 67991K, committed 68672K, reserved 491520K
  class space    used 9515K, committed 9856K, reserved 425984K
}
Event: 23.210 GC heap after
{Heap after GC invocations=27 (full 0):
 garbage-first heap   total 121856K, used 69497K [0x0000000080000000, 0x0000000100000000)
  region size 1024K, 1 young (1024K), 1 survivors (1024K)
 Metaspace       used 67991K, committed 68672K, reserved 491520K
  class space    used 9515K, committed 9856K, reserved 425984K
}
Event: 23.663 GC heap before
{Heap before GC invocations=28 (full 0):
 garbage-first heap   total 128000K, used 100217K [0x0000000080000000, 0x0000000100000000)
  region size 1024K, 31 young (31744K), 1 survivors (1024K)
 Metaspace       used 69055K, committed 69696K, reserved 491520K
  class space    used 9651K, committed 9984K, reserved 425984K
}
Event: 23.670 GC heap after
{Heap after GC invocations=29 (full 0):
 garbage-first heap   total 128000K, used 72626K [0x0000000080000000, 0x0000000100000000)
  region size 1024K, 4 young (4096K), 4 survivors (4096K)
 Metaspace       used 69055K, committed 69696K, reserved 491520K
  class space    used 9651K, committed 9984K, reserved 425984K
}
Event: 23.723 GC heap before
{Heap before GC invocations=29 (full 0):
 garbage-first heap   total 128000K, used 73650K [0x0000000080000000, 0x0000000100000000)
  region size 1024K, 6 young (6144K), 4 survivors (4096K)
 Metaspace       used 69185K, committed 69952K, reserved 491520K
  class space    used 9667K, committed 10048K, reserved 425984K
}
Event: 23.731 GC heap after
{Heap after GC invocations=30 (full 0):
 garbage-first heap   total 256000K, used 72568K [0x0000000080000000, 0x0000000100000000)
  region size 1024K, 1 young (1024K), 1 survivors (1024K)
 Metaspace       used 69185K, committed 69952K, reserved 491520K
  class space    used 9667K, committed 10048K, reserved 425984K
}
Event: 25.957 GC heap before
{Heap before GC invocations=30 (full 0):
 garbage-first heap   total 256000K, used 173944K [0x0000000080000000, 0x0000000100000000)
  region size 1024K, 100 young (102400K), 1 survivors (1024K)
 Metaspace       used 75464K, committed 76288K, reserved 491520K
  class space    used 10613K, committed 11008K, reserved 425984K
}
Event: 25.977 GC heap after
{Heap after GC invocations=31 (full 0):
 garbage-first heap   total 256000K, used 81077K [0x0000000080000000, 0x0000000100000000)
  region size 1024K, 10 young (10240K), 10 survivors (10240K)
 Metaspace       used 75464K, committed 76288K, reserved 491520K
  class space    used 10613K, committed 11008K, reserved 425984K
}
Event: 35.503 GC heap before
{Heap before GC invocations=31 (full 0):
 garbage-first heap   total 256000K, used 183477K [0x0000000080000000, 0x0000000100000000)
  region size 1024K, 110 young (112640K), 10 survivors (10240K)
 Metaspace       used 78136K, committed 78976K, reserved 557056K
  class space    used 10903K, committed 11328K, reserved 425984K
}
Event: 35.536 GC heap after
{Heap after GC invocations=32 (full 0):
 garbage-first heap   total 256000K, used 89357K [0x0000000080000000, 0x0000000100000000)
  region size 1024K, 10 young (10240K), 10 survivors (10240K)
 Metaspace       used 78136K, committed 78976K, reserved 557056K
  class space    used 10903K, committed 11328K, reserved 425984K
}
Event: 36.495 GC heap before
{Heap before GC invocations=32 (full 0):
 garbage-first heap   total 256000K, used 188685K [0x0000000080000000, 0x0000000100000000)
  region size 1024K, 108 young (110592K), 10 survivors (10240K)
 Metaspace       used 78186K, committed 79040K, reserved 557056K
  class space    used 10904K, committed 11328K, reserved 425984K
}
Event: 36.511 GC heap after
{Heap after GC invocations=33 (full 0):
 garbage-first heap   total 256000K, used 92585K [0x0000000080000000, 0x0000000100000000)
  region size 1024K, 5 young (5120K), 5 survivors (5120K)
 Metaspace       used 78186K, committed 79040K, reserved 557056K
  class space    used 10904K, committed 11328K, reserved 425984K
}

